[error] Failed to fetch Firebase Project from Studio Workspace because WORKSPACE_SLUG environment variable is empty
[error] Failed to fetch Firebase Project from Studio Workspace because WORKSPACE_SLUG environment variable is empty
[error] Failed to fetch Firebase Project from Studio Workspace because WORKSPACE_SLUG environment variable is empty
[error] Failed to fetch Firebase Project from Studio Workspace because WORKSPACE_SLUG environment variable is empty
[debug] [2026-02-16T07:05:37.347Z] > command requires scopes: ["email","openid","https://www.googleapis.com/auth/cloudplatformprojects.readonly","https://www.googleapis.com/auth/firebase","https://www.googleapis.com/auth/cloud-platform","https://www.googleapis.com/auth/userinfo.email"]
[debug] [2026-02-16T07:05:37.350Z] > command requires scopes: ["email","openid","https://www.googleapis.com/auth/cloudplatformprojects.readonly","https://www.googleapis.com/auth/firebase","https://www.googleapis.com/auth/cloud-platform","https://www.googleapis.com/auth/userinfo.email"]
[debug] [2026-02-16T07:05:44.336Z] Running auto auth
[debug] [2026-02-16T07:05:44.337Z] Running auto auth
[debug] [2026-02-16T07:05:44.398Z] No OAuth tokens found
[debug] [2026-02-16T07:05:44.405Z] >>> [apiv2][query] GET https://cloudbilling.googleapis.com/v1/projects/originals-website/billingInfo [none]
[debug] [2026-02-16T07:05:44.508Z] No OAuth tokens found
[debug] [2026-02-16T07:05:44.509Z] >>> [apiv2][query] GET https://cloudbilling.googleapis.com/v1/projects/originals-website/billingInfo [none]
[debug] [2026-02-16T07:05:45.554Z] <<< [apiv2][status] GET https://cloudbilling.googleapis.com/v1/projects/originals-website/billingInfo 200
[debug] [2026-02-16T07:05:45.555Z] <<< [apiv2][body] GET https://cloudbilling.googleapis.com/v1/projects/originals-website/billingInfo {"name":"projects/originals-website/billingInfo","projectId":"originals-website","billingAccountName":"","billingEnabled":false}
[debug] [2026-02-16T07:05:45.572Z] No OAuth tokens found
[debug] [2026-02-16T07:05:45.573Z] No OAuth tokens found
[debug] [2026-02-16T07:05:45.574Z] No OAuth tokens found
[debug] [2026-02-16T07:05:45.575Z] No OAuth tokens found
[debug] [2026-02-16T07:05:45.575Z] No OAuth tokens found
[debug] [2026-02-16T07:05:45.576Z] No OAuth tokens found
[debug] [2026-02-16T07:05:45.576Z] No OAuth tokens found
[debug] [2026-02-16T07:05:45.605Z] No OAuth tokens found
[debug] [2026-02-16T07:05:45.606Z] No OAuth tokens found
[debug] [2026-02-16T07:05:45.607Z] >>> [apiv2][query] GET https://serviceusage.googleapis.com/v1/projects/originals-website/services/firestore.googleapis.com [none]
[debug] [2026-02-16T07:05:45.607Z] >>> [apiv2][(partial)header] GET https://serviceusage.googleapis.com/v1/projects/originals-website/services/firestore.googleapis.com  x-goog-user-project=originals-website
[debug] [2026-02-16T07:05:45.611Z] >>> [apiv2][query] GET https://serviceusage.googleapis.com/v1/projects/originals-website/services/storage.googleapis.com [none]
[debug] [2026-02-16T07:05:45.612Z] >>> [apiv2][(partial)header] GET https://serviceusage.googleapis.com/v1/projects/originals-website/services/storage.googleapis.com  x-goog-user-project=originals-website
[debug] [2026-02-16T07:05:45.616Z] >>> [apiv2][query] GET https://serviceusage.googleapis.com/v1/projects/originals-website/services/firebasedataconnect.googleapis.com [none]
[debug] [2026-02-16T07:05:45.616Z] >>> [apiv2][(partial)header] GET https://serviceusage.googleapis.com/v1/projects/originals-website/services/firebasedataconnect.googleapis.com  x-goog-user-project=originals-website
[debug] [2026-02-16T07:05:45.619Z] >>> [apiv2][query] GET https://serviceusage.googleapis.com/v1/projects/originals-website/services/identitytoolkit.googleapis.com [none]
[debug] [2026-02-16T07:05:45.619Z] >>> [apiv2][(partial)header] GET https://serviceusage.googleapis.com/v1/projects/originals-website/services/identitytoolkit.googleapis.com  x-goog-user-project=originals-website
[debug] [2026-02-16T07:05:45.623Z] >>> [apiv2][query] GET https://serviceusage.googleapis.com/v1/projects/originals-website/services/fcm.googleapis.com [none]
[debug] [2026-02-16T07:05:45.623Z] >>> [apiv2][(partial)header] GET https://serviceusage.googleapis.com/v1/projects/originals-website/services/fcm.googleapis.com  x-goog-user-project=originals-website
[debug] [2026-02-16T07:05:45.626Z] >>> [apiv2][query] GET https://serviceusage.googleapis.com/v1/projects/originals-website/services/cloudfunctions.googleapis.com [none]
[debug] [2026-02-16T07:05:45.627Z] >>> [apiv2][(partial)header] GET https://serviceusage.googleapis.com/v1/projects/originals-website/services/cloudfunctions.googleapis.com  x-goog-user-project=originals-website
[debug] [2026-02-16T07:05:45.630Z] >>> [apiv2][query] GET https://serviceusage.googleapis.com/v1/projects/originals-website/services/firebaseremoteconfig.googleapis.com [none]
[debug] [2026-02-16T07:05:45.630Z] >>> [apiv2][(partial)header] GET https://serviceusage.googleapis.com/v1/projects/originals-website/services/firebaseremoteconfig.googleapis.com  x-goog-user-project=originals-website
[debug] [2026-02-16T07:05:45.634Z] >>> [apiv2][query] GET https://serviceusage.googleapis.com/v1/projects/originals-website/services/firebaseapphosting.googleapis.com [none]
[debug] [2026-02-16T07:05:45.634Z] >>> [apiv2][(partial)header] GET https://serviceusage.googleapis.com/v1/projects/originals-website/services/firebaseapphosting.googleapis.com  x-goog-user-project=originals-website
[debug] [2026-02-16T07:05:45.638Z] >>> [apiv2][query] GET https://serviceusage.googleapis.com/v1/projects/originals-website/services/firebaseio.com [none]
[debug] [2026-02-16T07:05:45.638Z] >>> [apiv2][(partial)header] GET https://serviceusage.googleapis.com/v1/projects/originals-website/services/firebaseio.com  x-goog-user-project=originals-website
[debug] [2026-02-16T07:05:45.794Z] <<< [apiv2][status] GET https://cloudbilling.googleapis.com/v1/projects/originals-website/billingInfo 200
[debug] [2026-02-16T07:05:45.797Z] <<< [apiv2][body] GET https://cloudbilling.googleapis.com/v1/projects/originals-website/billingInfo {"name":"projects/originals-website/billingInfo","projectId":"originals-website","billingAccountName":"","billingEnabled":false}
[debug] [2026-02-16T07:05:45.799Z] No OAuth tokens found
[debug] [2026-02-16T07:05:45.805Z] No OAuth tokens found
[debug] [2026-02-16T07:05:45.811Z] No OAuth tokens found
[debug] [2026-02-16T07:05:45.818Z] No OAuth tokens found
[debug] [2026-02-16T07:05:45.819Z] No OAuth tokens found
[debug] [2026-02-16T07:05:45.819Z] No OAuth tokens found
[debug] [2026-02-16T07:05:45.820Z] No OAuth tokens found
[debug] [2026-02-16T07:05:45.835Z] No OAuth tokens found
[debug] [2026-02-16T07:05:45.836Z] No OAuth tokens found
[debug] [2026-02-16T07:05:45.836Z] >>> [apiv2][query] GET https://serviceusage.googleapis.com/v1/projects/originals-website/services/firestore.googleapis.com [none]
[debug] [2026-02-16T07:05:45.836Z] >>> [apiv2][(partial)header] GET https://serviceusage.googleapis.com/v1/projects/originals-website/services/firestore.googleapis.com  x-goog-user-project=originals-website
[debug] [2026-02-16T07:05:45.840Z] >>> [apiv2][query] GET https://serviceusage.googleapis.com/v1/projects/originals-website/services/storage.googleapis.com [none]
[debug] [2026-02-16T07:05:45.841Z] >>> [apiv2][(partial)header] GET https://serviceusage.googleapis.com/v1/projects/originals-website/services/storage.googleapis.com  x-goog-user-project=originals-website
[debug] [2026-02-16T07:05:45.844Z] >>> [apiv2][query] GET https://serviceusage.googleapis.com/v1/projects/originals-website/services/firebasedataconnect.googleapis.com [none]
[debug] [2026-02-16T07:05:45.845Z] >>> [apiv2][(partial)header] GET https://serviceusage.googleapis.com/v1/projects/originals-website/services/firebasedataconnect.googleapis.com  x-goog-user-project=originals-website
[debug] [2026-02-16T07:05:45.847Z] >>> [apiv2][query] GET https://serviceusage.googleapis.com/v1/projects/originals-website/services/identitytoolkit.googleapis.com [none]
[debug] [2026-02-16T07:05:45.847Z] >>> [apiv2][(partial)header] GET https://serviceusage.googleapis.com/v1/projects/originals-website/services/identitytoolkit.googleapis.com  x-goog-user-project=originals-website
[debug] [2026-02-16T07:05:45.850Z] >>> [apiv2][query] GET https://serviceusage.googleapis.com/v1/projects/originals-website/services/fcm.googleapis.com [none]
[debug] [2026-02-16T07:05:45.850Z] >>> [apiv2][(partial)header] GET https://serviceusage.googleapis.com/v1/projects/originals-website/services/fcm.googleapis.com  x-goog-user-project=originals-website
[debug] [2026-02-16T07:05:45.852Z] >>> [apiv2][query] GET https://serviceusage.googleapis.com/v1/projects/originals-website/services/cloudfunctions.googleapis.com [none]
[debug] [2026-02-16T07:05:45.852Z] >>> [apiv2][(partial)header] GET https://serviceusage.googleapis.com/v1/projects/originals-website/services/cloudfunctions.googleapis.com  x-goog-user-project=originals-website
[debug] [2026-02-16T07:05:45.855Z] >>> [apiv2][query] GET https://serviceusage.googleapis.com/v1/projects/originals-website/services/firebaseremoteconfig.googleapis.com [none]
[debug] [2026-02-16T07:05:45.855Z] >>> [apiv2][(partial)header] GET https://serviceusage.googleapis.com/v1/projects/originals-website/services/firebaseremoteconfig.googleapis.com  x-goog-user-project=originals-website
[debug] [2026-02-16T07:05:45.857Z] >>> [apiv2][query] GET https://serviceusage.googleapis.com/v1/projects/originals-website/services/firebaseapphosting.googleapis.com [none]
[debug] [2026-02-16T07:05:45.857Z] >>> [apiv2][(partial)header] GET https://serviceusage.googleapis.com/v1/projects/originals-website/services/firebaseapphosting.googleapis.com  x-goog-user-project=originals-website
[debug] [2026-02-16T07:05:45.859Z] >>> [apiv2][query] GET https://serviceusage.googleapis.com/v1/projects/originals-website/services/firebaseio.com [none]
[debug] [2026-02-16T07:05:45.860Z] >>> [apiv2][(partial)header] GET https://serviceusage.googleapis.com/v1/projects/originals-website/services/firebaseio.com  x-goog-user-project=originals-website
[debug] [2026-02-16T07:05:46.721Z] <<< [apiv2][status] GET https://serviceusage.googleapis.com/v1/projects/originals-website/services/storage.googleapis.com 200
[debug] [2026-02-16T07:05:46.721Z] <<< [apiv2][body] GET https://serviceusage.googleapis.com/v1/projects/originals-website/services/storage.googleapis.com [omitted]
[debug] [2026-02-16T07:05:46.747Z] <<< [apiv2][status] GET https://serviceusage.googleapis.com/v1/projects/originals-website/services/firestore.googleapis.com 200
[debug] [2026-02-16T07:05:46.748Z] <<< [apiv2][body] GET https://serviceusage.googleapis.com/v1/projects/originals-website/services/firestore.googleapis.com [omitted]
[debug] [2026-02-16T07:05:46.771Z] <<< [apiv2][status] GET https://serviceusage.googleapis.com/v1/projects/originals-website/services/firebaseio.com 403
[debug] [2026-02-16T07:05:46.772Z] <<< [apiv2][body] GET https://serviceusage.googleapis.com/v1/projects/originals-website/services/firebaseio.com [omitted]
[debug] [2026-02-16T07:05:46.799Z] <<< [apiv2][status] GET https://serviceusage.googleapis.com/v1/projects/originals-website/services/firebasedataconnect.googleapis.com 200
[debug] [2026-02-16T07:05:46.802Z] <<< [apiv2][body] GET https://serviceusage.googleapis.com/v1/projects/originals-website/services/firebasedataconnect.googleapis.com [omitted]
[debug] [2026-02-16T07:05:46.813Z] <<< [apiv2][status] GET https://serviceusage.googleapis.com/v1/projects/originals-website/services/firebaseremoteconfig.googleapis.com 200
[debug] [2026-02-16T07:05:46.813Z] <<< [apiv2][body] GET https://serviceusage.googleapis.com/v1/projects/originals-website/services/firebaseremoteconfig.googleapis.com [omitted]
[debug] [2026-02-16T07:05:46.827Z] <<< [apiv2][status] GET https://serviceusage.googleapis.com/v1/projects/originals-website/services/fcm.googleapis.com 200
[debug] [2026-02-16T07:05:46.827Z] <<< [apiv2][body] GET https://serviceusage.googleapis.com/v1/projects/originals-website/services/fcm.googleapis.com [omitted]
[debug] [2026-02-16T07:05:46.842Z] <<< [apiv2][status] GET https://serviceusage.googleapis.com/v1/projects/originals-website/services/identitytoolkit.googleapis.com 200
[debug] [2026-02-16T07:05:46.843Z] <<< [apiv2][body] GET https://serviceusage.googleapis.com/v1/projects/originals-website/services/identitytoolkit.googleapis.com [omitted]
[debug] [2026-02-16T07:05:46.861Z] <<< [apiv2][status] GET https://serviceusage.googleapis.com/v1/projects/originals-website/services/cloudfunctions.googleapis.com 200
[debug] [2026-02-16T07:05:46.867Z] <<< [apiv2][body] GET https://serviceusage.googleapis.com/v1/projects/originals-website/services/cloudfunctions.googleapis.com [omitted]
[debug] [2026-02-16T07:05:46.880Z] <<< [apiv2][status] GET https://serviceusage.googleapis.com/v1/projects/originals-website/services/firebaseapphosting.googleapis.com 200
[debug] [2026-02-16T07:05:46.881Z] <<< [apiv2][body] GET https://serviceusage.googleapis.com/v1/projects/originals-website/services/firebaseapphosting.googleapis.com [omitted]
[error] Failed to fetch Firebase Project from Studio Workspace because WORKSPACE_SLUG environment variable is empty
[error] Failed to fetch Firebase Project from Studio Workspace because WORKSPACE_SLUG environment variable is empty
[error] Failed to fetch Firebase Project from Studio Workspace because WORKSPACE_SLUG environment variable is empty
[debug] [2026-02-16T07:05:46.888Z] > command requires scopes: ["email","openid","https://www.googleapis.com/auth/cloudplatformprojects.readonly","https://www.googleapis.com/auth/firebase","https://www.googleapis.com/auth/cloud-platform","https://www.googleapis.com/auth/userinfo.email"]
[debug] [2026-02-16T07:05:46.888Z] > authorizing via signed-in user (kylebriannt@gmail.com)
[debug] [2026-02-16T07:05:46.888Z] No OAuth tokens found
[debug] [2026-02-16T07:05:46.889Z] >>> [apiv2][query] GET https://cloudbilling.googleapis.com/v1/projects/originals-website/billingInfo [none]
[debug] [2026-02-16T07:05:46.909Z] <<< [apiv2][status] GET https://serviceusage.googleapis.com/v1/projects/originals-website/services/firestore.googleapis.com 200
[debug] [2026-02-16T07:05:46.909Z] <<< [apiv2][body] GET https://serviceusage.googleapis.com/v1/projects/originals-website/services/firestore.googleapis.com [omitted]
[debug] [2026-02-16T07:05:46.935Z] <<< [apiv2][status] GET https://serviceusage.googleapis.com/v1/projects/originals-website/services/storage.googleapis.com 200
[debug] [2026-02-16T07:05:46.937Z] <<< [apiv2][body] GET https://serviceusage.googleapis.com/v1/projects/originals-website/services/storage.googleapis.com [omitted]
[debug] [2026-02-16T07:05:46.963Z] <<< [apiv2][status] GET https://serviceusage.googleapis.com/v1/projects/originals-website/services/fcm.googleapis.com 200
[debug] [2026-02-16T07:05:46.964Z] <<< [apiv2][body] GET https://serviceusage.googleapis.com/v1/projects/originals-website/services/fcm.googleapis.com [omitted]
[debug] [2026-02-16T07:05:46.974Z] <<< [apiv2][status] GET https://serviceusage.googleapis.com/v1/projects/originals-website/services/firebaseio.com 403
[debug] [2026-02-16T07:05:46.974Z] <<< [apiv2][body] GET https://serviceusage.googleapis.com/v1/projects/originals-website/services/firebaseio.com [omitted]
[debug] [2026-02-16T07:05:46.985Z] <<< [apiv2][status] GET https://serviceusage.googleapis.com/v1/projects/originals-website/services/identitytoolkit.googleapis.com 200
[debug] [2026-02-16T07:05:46.985Z] <<< [apiv2][body] GET https://serviceusage.googleapis.com/v1/projects/originals-website/services/identitytoolkit.googleapis.com [omitted]
[debug] [2026-02-16T07:05:47.008Z] <<< [apiv2][status] GET https://serviceusage.googleapis.com/v1/projects/originals-website/services/cloudfunctions.googleapis.com 200
[debug] [2026-02-16T07:05:47.008Z] <<< [apiv2][body] GET https://serviceusage.googleapis.com/v1/projects/originals-website/services/cloudfunctions.googleapis.com [omitted]
[debug] [2026-02-16T07:05:47.022Z] <<< [apiv2][status] GET https://serviceusage.googleapis.com/v1/projects/originals-website/services/firebasedataconnect.googleapis.com 200
[debug] [2026-02-16T07:05:47.022Z] <<< [apiv2][body] GET https://serviceusage.googleapis.com/v1/projects/originals-website/services/firebasedataconnect.googleapis.com [omitted]
[debug] [2026-02-16T07:05:47.022Z] <<< [apiv2][status] GET https://serviceusage.googleapis.com/v1/projects/originals-website/services/firebaseremoteconfig.googleapis.com 200
[debug] [2026-02-16T07:05:47.023Z] <<< [apiv2][body] GET https://serviceusage.googleapis.com/v1/projects/originals-website/services/firebaseremoteconfig.googleapis.com [omitted]
[debug] [2026-02-16T07:05:47.035Z] <<< [apiv2][status] GET https://serviceusage.googleapis.com/v1/projects/originals-website/services/firebaseapphosting.googleapis.com 200
[debug] [2026-02-16T07:05:47.040Z] <<< [apiv2][body] GET https://serviceusage.googleapis.com/v1/projects/originals-website/services/firebaseapphosting.googleapis.com [omitted]
[debug] [2026-02-16T07:05:47.941Z] <<< [apiv2][status] GET https://cloudbilling.googleapis.com/v1/projects/originals-website/billingInfo 200
[debug] [2026-02-16T07:05:47.942Z] <<< [apiv2][body] GET https://cloudbilling.googleapis.com/v1/projects/originals-website/billingInfo {"name":"projects/originals-website/billingInfo","projectId":"originals-website","billingAccountName":"","billingEnabled":false}
[error] Failed to fetch Firebase Project from Studio Workspace because WORKSPACE_SLUG environment variable is empty
[debug] [2026-02-16T07:05:47.949Z] > command requires scopes: ["email","openid","https://www.googleapis.com/auth/cloudplatformprojects.readonly","https://www.googleapis.com/auth/firebase","https://www.googleapis.com/auth/cloud-platform","https://www.googleapis.com/auth/userinfo.email"]
[debug] [2026-02-16T07:05:47.949Z] > authorizing via signed-in user (kylebriannt@gmail.com)
[error] Failed to fetch Firebase Project from Studio Workspace because WORKSPACE_SLUG environment variable is empty
[error] Failed to fetch Firebase Project from Studio Workspace because WORKSPACE_SLUG environment variable is empty
[error] Failed to fetch Firebase Project from Studio Workspace because WORKSPACE_SLUG environment variable is empty
[debug] [2026-02-16T07:05:47.984Z] > command requires scopes: ["email","openid","https://www.googleapis.com/auth/cloudplatformprojects.readonly","https://www.googleapis.com/auth/firebase","https://www.googleapis.com/auth/cloud-platform","https://www.googleapis.com/auth/userinfo.email"]
[debug] [2026-02-16T07:05:47.985Z] > authorizing via signed-in user (kylebriannt@gmail.com)
[debug] [2026-02-16T07:05:47.985Z] No OAuth tokens found
[debug] [2026-02-16T07:05:47.985Z] >>> [apiv2][query] GET https://cloudbilling.googleapis.com/v1/projects/originals-website/billingInfo [none]
[error] Failed to fetch Firebase Project from Studio Workspace because WORKSPACE_SLUG environment variable is empty
[error] Failed to fetch Firebase Project from Studio Workspace because WORKSPACE_SLUG environment variable is empty
[error] Failed to fetch Firebase Project from Studio Workspace because WORKSPACE_SLUG environment variable is empty
[debug] [2026-02-16T07:05:47.995Z] > command requires scopes: ["email","openid","https://www.googleapis.com/auth/cloudplatformprojects.readonly","https://www.googleapis.com/auth/firebase","https://www.googleapis.com/auth/cloud-platform","https://www.googleapis.com/auth/userinfo.email"]
[debug] [2026-02-16T07:05:47.995Z] > authorizing via signed-in user (kylebriannt@gmail.com)
[debug] [2026-02-16T07:05:47.996Z] No OAuth tokens found
[debug] [2026-02-16T07:05:47.996Z] >>> [apiv2][query] GET https://cloudbilling.googleapis.com/v1/projects/originals-website/billingInfo [none]
[debug] [2026-02-16T07:05:48.208Z] <<< [apiv2][status] GET https://cloudbilling.googleapis.com/v1/projects/originals-website/billingInfo 200
[debug] [2026-02-16T07:05:48.208Z] <<< [apiv2][body] GET https://cloudbilling.googleapis.com/v1/projects/originals-website/billingInfo {"name":"projects/originals-website/billingInfo","projectId":"originals-website","billingAccountName":"","billingEnabled":false}
[error] Failed to fetch Firebase Project from Studio Workspace because WORKSPACE_SLUG environment variable is empty
[debug] [2026-02-16T07:05:48.216Z] > command requires scopes: ["email","openid","https://www.googleapis.com/auth/cloudplatformprojects.readonly","https://www.googleapis.com/auth/firebase","https://www.googleapis.com/auth/cloud-platform","https://www.googleapis.com/auth/userinfo.email"]
[debug] [2026-02-16T07:05:48.217Z] > authorizing via signed-in user (kylebriannt@gmail.com)
[debug] [2026-02-16T07:05:48.997Z] <<< [apiv2][status] GET https://cloudbilling.googleapis.com/v1/projects/originals-website/billingInfo 200
[debug] [2026-02-16T07:05:48.998Z] <<< [apiv2][body] GET https://cloudbilling.googleapis.com/v1/projects/originals-website/billingInfo {"name":"projects/originals-website/billingInfo","projectId":"originals-website","billingAccountName":"","billingEnabled":false}
[error] Failed to fetch Firebase Project from Studio Workspace because WORKSPACE_SLUG environment variable is empty
[debug] [2026-02-16T07:05:49.009Z] > command requires scopes: ["email","openid","https://www.googleapis.com/auth/cloudplatformprojects.readonly","https://www.googleapis.com/auth/firebase","https://www.googleapis.com/auth/cloud-platform","https://www.googleapis.com/auth/userinfo.email"]
[debug] [2026-02-16T07:05:49.010Z] > authorizing via signed-in user (kylebriannt@gmail.com)
[error] Failed to fetch Firebase Project from Studio Workspace because WORKSPACE_SLUG environment variable is empty
[error] Failed to fetch Firebase Project from Studio Workspace because WORKSPACE_SLUG environment variable is empty
[error] Failed to fetch Firebase Project from Studio Workspace because WORKSPACE_SLUG environment variable is empty
[error] Failed to fetch Firebase Project from Studio Workspace because WORKSPACE_SLUG environment variable is empty
[debug] [2026-02-16T07:42:53.942Z] > command requires scopes: ["email","openid","https://www.googleapis.com/auth/cloudplatformprojects.readonly","https://www.googleapis.com/auth/firebase","https://www.googleapis.com/auth/cloud-platform","https://www.googleapis.com/auth/userinfo.email"]
[debug] [2026-02-16T07:42:53.944Z] > authorizing via signed-in user (kylebriannt@gmail.com)
[debug] [2026-02-16T07:42:53.947Z] No OAuth tokens found
[debug] [2026-02-16T07:42:53.949Z] No OAuth tokens found
[debug] [2026-02-16T07:42:53.950Z] > command requires scopes: ["email","openid","https://www.googleapis.com/auth/cloudplatformprojects.readonly","https://www.googleapis.com/auth/firebase","https://www.googleapis.com/auth/cloud-platform","https://www.googleapis.com/auth/userinfo.email"]
[debug] [2026-02-16T07:42:53.955Z] > authorizing via signed-in user (kylebriannt@gmail.com)
[debug] [2026-02-16T07:42:53.956Z] > command requires scopes: ["email","openid","https://www.googleapis.com/auth/cloudplatformprojects.readonly","https://www.googleapis.com/auth/firebase","https://www.googleapis.com/auth/cloud-platform","https://www.googleapis.com/auth/userinfo.email"]
[debug] [2026-02-16T07:42:53.963Z] > authorizing via signed-in user (kylebriannt@gmail.com)
[debug] [2026-02-16T07:42:53.967Z] No OAuth tokens found
[debug] [2026-02-16T07:42:53.970Z] No OAuth tokens found
[debug] [2026-02-16T07:42:53.976Z] > command requires scopes: ["email","openid","https://www.googleapis.com/auth/cloudplatformprojects.readonly","https://www.googleapis.com/auth/firebase","https://www.googleapis.com/auth/cloud-platform","https://www.googleapis.com/auth/userinfo.email"]
[debug] [2026-02-16T07:42:53.976Z] > authorizing via signed-in user (kylebriannt@gmail.com)
[debug] [2026-02-16T07:42:53.982Z] >>> [apiv2][query] GET https://cloudbilling.googleapis.com/v1/projects/originals-website/billingInfo [none]
[debug] [2026-02-16T07:42:54.155Z] >>> [apiv2][query] GET https://cloudbilling.googleapis.com/v1/projects/originals-website/billingInfo [none]
[debug] [2026-02-16T07:42:54.647Z] <<< [apiv2][status] GET https://cloudbilling.googleapis.com/v1/projects/originals-website/billingInfo 200
[debug] [2026-02-16T07:42:54.648Z] <<< [apiv2][body] GET https://cloudbilling.googleapis.com/v1/projects/originals-website/billingInfo {"name":"projects/originals-website/billingInfo","projectId":"originals-website","billingAccountName":"","billingEnabled":false}
[debug] [2026-02-16T07:42:54.692Z] No OAuth tokens found
[debug] [2026-02-16T07:42:54.696Z] No OAuth tokens found
[debug] [2026-02-16T07:42:54.696Z] > command requires scopes: ["email","openid","https://www.googleapis.com/auth/cloudplatformprojects.readonly","https://www.googleapis.com/auth/firebase","https://www.googleapis.com/auth/cloud-platform","https://www.googleapis.com/auth/userinfo.email"]
[debug] [2026-02-16T07:42:54.697Z] > authorizing via signed-in user (kylebriannt@gmail.com)
[debug] [2026-02-16T07:42:54.749Z] No OAuth tokens found
[debug] [2026-02-16T07:42:54.750Z] No OAuth tokens found
[debug] [2026-02-16T07:42:54.750Z] > command requires scopes: ["email","openid","https://www.googleapis.com/auth/cloudplatformprojects.readonly","https://www.googleapis.com/auth/firebase","https://www.googleapis.com/auth/cloud-platform","https://www.googleapis.com/auth/userinfo.email"]
[debug] [2026-02-16T07:42:54.750Z] > authorizing via signed-in user (kylebriannt@gmail.com)
[debug] [2026-02-16T07:42:54.751Z] No OAuth tokens found
[debug] [2026-02-16T07:42:54.752Z] No OAuth tokens found
[debug] [2026-02-16T07:42:54.754Z] > command requires scopes: ["email","openid","https://www.googleapis.com/auth/cloudplatformprojects.readonly","https://www.googleapis.com/auth/firebase","https://www.googleapis.com/auth/cloud-platform","https://www.googleapis.com/auth/userinfo.email"]
[debug] [2026-02-16T07:42:54.754Z] > authorizing via signed-in user (kylebriannt@gmail.com)
[debug] [2026-02-16T07:42:54.755Z] >>> [apiv2][query] GET https://serviceusage.googleapis.com/v1/projects/originals-website/services/firebasedataconnect.googleapis.com [none]
[debug] [2026-02-16T07:42:54.756Z] >>> [apiv2][(partial)header] GET https://serviceusage.googleapis.com/v1/projects/originals-website/services/firebasedataconnect.googleapis.com  x-goog-user-project=originals-website
[debug] [2026-02-16T07:42:54.761Z] >>> [apiv2][query] GET https://serviceusage.googleapis.com/v1/projects/originals-website/services/firebaseapphosting.googleapis.com [none]
[debug] [2026-02-16T07:42:54.761Z] >>> [apiv2][(partial)header] GET https://serviceusage.googleapis.com/v1/projects/originals-website/services/firebaseapphosting.googleapis.com  x-goog-user-project=originals-website
[debug] [2026-02-16T07:42:54.768Z] >>> [apiv2][query] GET https://serviceusage.googleapis.com/v1/projects/originals-website/services/firebaseio.com [none]
[debug] [2026-02-16T07:42:54.769Z] >>> [apiv2][(partial)header] GET https://serviceusage.googleapis.com/v1/projects/originals-website/services/firebaseio.com  x-goog-user-project=originals-website
[debug] [2026-02-16T07:42:55.213Z] <<< [apiv2][status] GET https://cloudbilling.googleapis.com/v1/projects/originals-website/billingInfo 200
[debug] [2026-02-16T07:42:55.213Z] <<< [apiv2][body] GET https://cloudbilling.googleapis.com/v1/projects/originals-website/billingInfo {"name":"projects/originals-website/billingInfo","projectId":"originals-website","billingAccountName":"","billingEnabled":false}
[debug] [2026-02-16T07:42:55.223Z] No OAuth tokens found
[debug] [2026-02-16T07:42:55.225Z] No OAuth tokens found
[debug] [2026-02-16T07:42:55.225Z] > command requires scopes: ["email","openid","https://www.googleapis.com/auth/cloudplatformprojects.readonly","https://www.googleapis.com/auth/firebase","https://www.googleapis.com/auth/cloud-platform","https://www.googleapis.com/auth/userinfo.email"]
[debug] [2026-02-16T07:42:55.228Z] > authorizing via signed-in user (kylebriannt@gmail.com)
[debug] [2026-02-16T07:42:55.264Z] No OAuth tokens found
[debug] [2026-02-16T07:42:55.265Z] No OAuth tokens found
[debug] [2026-02-16T07:42:55.265Z] > command requires scopes: ["email","openid","https://www.googleapis.com/auth/cloudplatformprojects.readonly","https://www.googleapis.com/auth/firebase","https://www.googleapis.com/auth/cloud-platform","https://www.googleapis.com/auth/userinfo.email"]
[debug] [2026-02-16T07:42:55.268Z] > authorizing via signed-in user (kylebriannt@gmail.com)
[debug] [2026-02-16T07:42:55.270Z] No OAuth tokens found
[debug] [2026-02-16T07:42:55.270Z] No OAuth tokens found
[debug] [2026-02-16T07:42:55.270Z] > command requires scopes: ["email","openid","https://www.googleapis.com/auth/cloudplatformprojects.readonly","https://www.googleapis.com/auth/firebase","https://www.googleapis.com/auth/cloud-platform","https://www.googleapis.com/auth/userinfo.email"]
[debug] [2026-02-16T07:42:55.271Z] > authorizing via signed-in user (kylebriannt@gmail.com)
[debug] [2026-02-16T07:42:55.273Z] >>> [apiv2][query] GET https://serviceusage.googleapis.com/v1/projects/originals-website/services/firebasedataconnect.googleapis.com [none]
[debug] [2026-02-16T07:42:55.275Z] >>> [apiv2][(partial)header] GET https://serviceusage.googleapis.com/v1/projects/originals-website/services/firebasedataconnect.googleapis.com  x-goog-user-project=originals-website
[debug] [2026-02-16T07:42:55.285Z] >>> [apiv2][query] GET https://serviceusage.googleapis.com/v1/projects/originals-website/services/firebaseapphosting.googleapis.com [none]
[debug] [2026-02-16T07:42:55.285Z] >>> [apiv2][(partial)header] GET https://serviceusage.googleapis.com/v1/projects/originals-website/services/firebaseapphosting.googleapis.com  x-goog-user-project=originals-website
[debug] [2026-02-16T07:42:55.294Z] >>> [apiv2][query] GET https://serviceusage.googleapis.com/v1/projects/originals-website/services/firebaseio.com [none]
[debug] [2026-02-16T07:42:55.295Z] >>> [apiv2][(partial)header] GET https://serviceusage.googleapis.com/v1/projects/originals-website/services/firebaseio.com  x-goog-user-project=originals-website
[debug] [2026-02-16T07:42:55.936Z] <<< [apiv2][status] GET https://serviceusage.googleapis.com/v1/projects/originals-website/services/firebaseapphosting.googleapis.com 200
[debug] [2026-02-16T07:42:55.937Z] <<< [apiv2][body] GET https://serviceusage.googleapis.com/v1/projects/originals-website/services/firebaseapphosting.googleapis.com [omitted]
[debug] [2026-02-16T07:42:55.952Z] <<< [apiv2][status] GET https://serviceusage.googleapis.com/v1/projects/originals-website/services/firebaseio.com 403
[debug] [2026-02-16T07:42:55.952Z] <<< [apiv2][body] GET https://serviceusage.googleapis.com/v1/projects/originals-website/services/firebaseio.com [omitted]
[debug] [2026-02-16T07:42:55.982Z] <<< [apiv2][status] GET https://serviceusage.googleapis.com/v1/projects/originals-website/services/firebasedataconnect.googleapis.com 200
[debug] [2026-02-16T07:42:55.983Z] <<< [apiv2][body] GET https://serviceusage.googleapis.com/v1/projects/originals-website/services/firebasedataconnect.googleapis.com [omitted]
[error] Failed to fetch Firebase Project from Studio Workspace because WORKSPACE_SLUG environment variable is empty
[error] Failed to fetch Firebase Project from Studio Workspace because WORKSPACE_SLUG environment variable is empty
[error] Failed to fetch Firebase Project from Studio Workspace because WORKSPACE_SLUG environment variable is empty
[debug] [2026-02-16T07:42:55.999Z] > command requires scopes: ["email","openid","https://www.googleapis.com/auth/cloudplatformprojects.readonly","https://www.googleapis.com/auth/firebase","https://www.googleapis.com/auth/cloud-platform","https://www.googleapis.com/auth/userinfo.email"]
[debug] [2026-02-16T07:42:55.999Z] > authorizing via signed-in user (kylebriannt@gmail.com)
[debug] [2026-02-16T07:42:56.001Z] No OAuth tokens found
[debug] [2026-02-16T07:42:56.001Z] No OAuth tokens found
[debug] [2026-02-16T07:42:56.001Z] > command requires scopes: ["email","openid","https://www.googleapis.com/auth/cloudplatformprojects.readonly","https://www.googleapis.com/auth/firebase","https://www.googleapis.com/auth/cloud-platform","https://www.googleapis.com/auth/userinfo.email"]
[debug] [2026-02-16T07:42:56.001Z] > authorizing via signed-in user (kylebriannt@gmail.com)
[debug] [2026-02-16T07:42:56.002Z] >>> [apiv2][query] GET https://cloudbilling.googleapis.com/v1/projects/originals-website/billingInfo [none]
[debug] [2026-02-16T07:42:56.352Z] <<< [apiv2][status] GET https://serviceusage.googleapis.com/v1/projects/originals-website/services/firebaseio.com 403
[debug] [2026-02-16T07:42:56.354Z] <<< [apiv2][body] GET https://serviceusage.googleapis.com/v1/projects/originals-website/services/firebaseio.com [omitted]
[debug] [2026-02-16T07:42:56.401Z] <<< [apiv2][status] GET https://serviceusage.googleapis.com/v1/projects/originals-website/services/firebasedataconnect.googleapis.com 200
[debug] [2026-02-16T07:42:56.402Z] <<< [apiv2][body] GET https://serviceusage.googleapis.com/v1/projects/originals-website/services/firebasedataconnect.googleapis.com [omitted]
[debug] [2026-02-16T07:42:56.660Z] <<< [apiv2][status] GET https://serviceusage.googleapis.com/v1/projects/originals-website/services/firebaseapphosting.googleapis.com 200
[debug] [2026-02-16T07:42:56.669Z] <<< [apiv2][body] GET https://serviceusage.googleapis.com/v1/projects/originals-website/services/firebaseapphosting.googleapis.com [omitted]
[debug] [2026-02-16T07:42:57.041Z] <<< [apiv2][status] GET https://cloudbilling.googleapis.com/v1/projects/originals-website/billingInfo 200
[debug] [2026-02-16T07:42:57.043Z] <<< [apiv2][body] GET https://cloudbilling.googleapis.com/v1/projects/originals-website/billingInfo {"name":"projects/originals-website/billingInfo","projectId":"originals-website","billingAccountName":"","billingEnabled":false}
[error] Failed to fetch Firebase Project from Studio Workspace because WORKSPACE_SLUG environment variable is empty
[debug] [2026-02-16T07:42:57.048Z] > command requires scopes: ["email","openid","https://www.googleapis.com/auth/cloudplatformprojects.readonly","https://www.googleapis.com/auth/firebase","https://www.googleapis.com/auth/cloud-platform","https://www.googleapis.com/auth/userinfo.email"]
[debug] [2026-02-16T07:42:57.049Z] > authorizing via signed-in user (kylebriannt@gmail.com)
[error] Failed to fetch Firebase Project from Studio Workspace because WORKSPACE_SLUG environment variable is empty
[error] Failed to fetch Firebase Project from Studio Workspace because WORKSPACE_SLUG environment variable is empty
[error] Failed to fetch Firebase Project from Studio Workspace because WORKSPACE_SLUG environment variable is empty
[debug] [2026-02-16T07:42:57.077Z] > command requires scopes: ["email","openid","https://www.googleapis.com/auth/cloudplatformprojects.readonly","https://www.googleapis.com/auth/firebase","https://www.googleapis.com/auth/cloud-platform","https://www.googleapis.com/auth/userinfo.email"]
[debug] [2026-02-16T07:42:57.078Z] > authorizing via signed-in user (kylebriannt@gmail.com)
[debug] [2026-02-16T07:42:57.078Z] No OAuth tokens found
[debug] [2026-02-16T07:42:57.079Z] No OAuth tokens found
[debug] [2026-02-16T07:42:57.079Z] > command requires scopes: ["email","openid","https://www.googleapis.com/auth/cloudplatformprojects.readonly","https://www.googleapis.com/auth/firebase","https://www.googleapis.com/auth/cloud-platform","https://www.googleapis.com/auth/userinfo.email"]
[debug] [2026-02-16T07:42:57.079Z] > authorizing via signed-in user (kylebriannt@gmail.com)
[debug] [2026-02-16T07:42:57.080Z] >>> [apiv2][query] GET https://cloudbilling.googleapis.com/v1/projects/originals-website/billingInfo [none]
[error] Failed to fetch Firebase Project from Studio Workspace because WORKSPACE_SLUG environment variable is empty
[error] Failed to fetch Firebase Project from Studio Workspace because WORKSPACE_SLUG environment variable is empty
[error] Failed to fetch Firebase Project from Studio Workspace because WORKSPACE_SLUG environment variable is empty
[debug] [2026-02-16T07:42:57.090Z] > command requires scopes: ["email","openid","https://www.googleapis.com/auth/cloudplatformprojects.readonly","https://www.googleapis.com/auth/firebase","https://www.googleapis.com/auth/cloud-platform","https://www.googleapis.com/auth/userinfo.email"]
[debug] [2026-02-16T07:42:57.091Z] > authorizing via signed-in user (kylebriannt@gmail.com)
[debug] [2026-02-16T07:42:57.091Z] No OAuth tokens found
[debug] [2026-02-16T07:42:57.091Z] No OAuth tokens found
[debug] [2026-02-16T07:42:57.091Z] > command requires scopes: ["email","openid","https://www.googleapis.com/auth/cloudplatformprojects.readonly","https://www.googleapis.com/auth/firebase","https://www.googleapis.com/auth/cloud-platform","https://www.googleapis.com/auth/userinfo.email"]
[debug] [2026-02-16T07:42:57.092Z] > authorizing via signed-in user (kylebriannt@gmail.com)
[debug] [2026-02-16T07:42:57.092Z] >>> [apiv2][query] GET https://cloudbilling.googleapis.com/v1/projects/originals-website/billingInfo [none]
[debug] [2026-02-16T07:42:58.089Z] <<< [apiv2][status] GET https://cloudbilling.googleapis.com/v1/projects/originals-website/billingInfo 200
[debug] [2026-02-16T07:42:58.090Z] <<< [apiv2][body] GET https://cloudbilling.googleapis.com/v1/projects/originals-website/billingInfo {"name":"projects/originals-website/billingInfo","projectId":"originals-website","billingAccountName":"","billingEnabled":false}
[error] Failed to fetch Firebase Project from Studio Workspace because WORKSPACE_SLUG environment variable is empty
[debug] [2026-02-16T07:42:58.100Z] > command requires scopes: ["email","openid","https://www.googleapis.com/auth/cloudplatformprojects.readonly","https://www.googleapis.com/auth/firebase","https://www.googleapis.com/auth/cloud-platform","https://www.googleapis.com/auth/userinfo.email"]
[debug] [2026-02-16T07:42:58.102Z] > authorizing via signed-in user (kylebriannt@gmail.com)
[debug] [2026-02-16T07:42:58.129Z] <<< [apiv2][status] GET https://cloudbilling.googleapis.com/v1/projects/originals-website/billingInfo 200
[debug] [2026-02-16T07:42:58.132Z] <<< [apiv2][body] GET https://cloudbilling.googleapis.com/v1/projects/originals-website/billingInfo {"name":"projects/originals-website/billingInfo","projectId":"originals-website","billingAccountName":"","billingEnabled":false}
[error] Failed to fetch Firebase Project from Studio Workspace because WORKSPACE_SLUG environment variable is empty
[debug] [2026-02-16T07:42:58.140Z] > command requires scopes: ["email","openid","https://www.googleapis.com/auth/cloudplatformprojects.readonly","https://www.googleapis.com/auth/firebase","https://www.googleapis.com/auth/cloud-platform","https://www.googleapis.com/auth/userinfo.email"]
[debug] [2026-02-16T07:42:58.140Z] > authorizing via signed-in user (kylebriannt@gmail.com)
